

CmdLine:	C:\Users\Boronin\Documents\MyProjects\ProfiJ\ProfiJ.exe --l4j-debug
WOW64:		yes
Bundled JRE:	C:\Java\jdk1.8.0_102\jre
Check launcher:	C:\Java\jdk1.8.0_102\jre\bin\javaw.exe (OK)
Launcher:	C:\Java\jdk1.8.0_102\jre\bin\javaw.exe
Launcher args:	-jar "C:\Users\Boronin\Documents\MyProjects\ProfiJ\ProfiJ.exe"
Args length:	62/32768 chars
Exit code:	1


CmdLine:	C:\Users\Boronin\Documents\MyProjects\ProfiJ\ProfiJ.exe --l4j-debug
WOW64:		yes
Bundled JRE:	C:\Java\jdk1.8.0_102\jre
Check launcher:	C:\Java\jdk1.8.0_102\jre\bin\javaw.exe (OK)
Launcher:	C:\Java\jdk1.8.0_102\jre\bin\javaw.exe
Launcher args:	-jar "C:\Users\Boronin\Documents\MyProjects\ProfiJ\ProfiJ.exe"
Args length:	62/32768 chars
Exit code:	1


CmdLine:	C:\Users\Boronin\Documents\MyProjects\ProfiJ\ProfiJ.exe --l4j-debug
WOW64:		yes
Bundled JRE:	C:\Java\jdk1.8.0_102\jre
Check launcher:	C:\Java\jdk1.8.0_102\jre\bin\javaw.exe (OK)
Launcher:	C:\Java\jdk1.8.0_102\jre\bin\javaw.exe
Launcher args:	-jar "C:\Users\Boronin\Documents\MyProjects\ProfiJ\ProfiJ.exe"
Args length:	62/32768 chars
Exit code:	1


CmdLine:	C:\Users\Boronin\Documents\MyProjects\ProfiJ\ProfiJ.exe --l4j-debug
WOW64:		yes
Bundled JRE:	C:\Java\jdk1.8.0_102\jre
Check launcher:	C:\Java\jdk1.8.0_102\jre\bin\javaw.exe (OK)
Launcher:	C:\Java\jdk1.8.0_102\jre\bin\javaw.exe
Launcher args:	-jar "C:\Users\Boronin\Documents\MyProjects\ProfiJ\ProfiJ.exe"
Args length:	62/32768 chars


CmdLine:	C:\Users\Boronin\Documents\MyProjects\ProfiJ\ProfiJ.exe --l4j-debug
WOW64:		yes
Bundled JRE:	C:\Java\jdk1.8.0_102
Check launcher:	C:\Java\jdk1.8.0_102\bin\javaw.exe (OK)
Launcher:	C:\Java\jdk1.8.0_102\bin\javaw.exe
Launcher args:	-jar "C:\Users\Boronin\Documents\MyProjects\ProfiJ\ProfiJ.exe"
Args length:	62/32768 chars
